e:\subject\sem5\cs3201\project\spa\release\vc140.pdb
e:\subject\sem5\cs3201\project\spa\release\tnode.obj
e:\subject\sem5\cs3201\project\spa\release\stmtlist.obj
e:\subject\sem5\cs3201\project\spa\release\queryhandler.obj
e:\subject\sem5\cs3201\project\spa\release\proctable.obj
e:\subject\sem5\cs3201\project\spa\release\querytree.obj
e:\subject\sem5\cs3201\project\spa\release\querypreprocessor.obj
e:\subject\sem5\cs3201\project\spa\release\presuchthatnode.obj
e:\subject\sem5\cs3201\project\spa\release\preresultnode.obj
e:\subject\sem5\cs3201\project\spa\release\prepatternnode.obj
e:\subject\sem5\cs3201\project\spa\release\pkb.obj
e:\subject\sem5\cs3201\project\spa\release\parser.obj
e:\subject\sem5\cs3201\project\spa\release\parenttable.obj
e:\subject\sem5\cs3201\project\spa\release\modifytable.obj
e:\subject\sem5\cs3201\project\spa\release\gnode.obj
e:\subject\sem5\cs3201\project\spa\release\followtable.obj
e:\subject\sem5\cs3201\project\spa\release\designextractor.obj
e:\subject\sem5\cs3201\project\spa\release\consttable.obj
e:\subject\sem5\cs3201\project\spa\release\cfg.obj
e:\subject\sem5\cs3201\project\spa\release\calltable.obj
e:\subject\sem5\cs3201\project\spa\release\ast.obj
e:\subject\sem5\cs3201\project\spa\release\vartable.obj
e:\subject\sem5\cs3201\project\spa\release\utility.obj
e:\subject\sem5\cs3201\project\spa\release\usetable.obj
e:\subject\sem5\cs3201\project\spa\release\spa.tlog\cl.command.1.tlog
e:\subject\sem5\cs3201\project\spa\release\spa.tlog\cl.read.1.tlog
e:\subject\sem5\cs3201\project\spa\release\spa.tlog\cl.write.1.tlog
e:\subject\sem5\cs3201\project\spa\release\spa.tlog\link.command.1.tlog
e:\subject\sem5\cs3201\project\spa\release\spa.tlog\link.read.1.tlog
e:\subject\sem5\cs3201\project\spa\release\spa.tlog\link.write.1.tlog
